<?xml version="1.0" encoding="UTF-8"?>
<!-- Generated by org.testng.reporters.JUnitReportReporter -->
<testsuite hostname="Zahangir-Alam" failures="0" tests="1" name="testCase.SignUpTest_TC001" time="44.766" errors="0" timestamp="2022-02-08T04:22:10 BDT" skipped="0">
  <testcase classname="testCase.SignUpTest_TC001" name="signUpVerify" time="44.766"/>
  <system-out/>
</testsuite> <!-- testCase.SignUpTest_TC001 -->
