<?xml version="1.0" encoding="UTF-8"?>
<!-- Generated by org.testng.reporters.JUnitReportReporter -->
<testsuite hostname="Zahangir-Alam" failures="0" tests="1" name="testCase.SignUpTest_TC000" time="45.977" errors="0" timestamp="2021-11-15T14:36:06 BDT" skipped="0">
  <testcase classname="testCase.SignUpTest_TC000" name="signUpVerify" time="45.977"/>
  <system-out/>
</testsuite> <!-- testCase.SignUpTest_TC000 -->
