<?xml version="1.0" encoding="UTF-8"?>
<!-- Generated by org.testng.reporters.JUnitReportReporter -->
<testsuite hostname="Zahangir-Alam" failures="0" tests="1" name="testCase.WafiLife" time="22.561" errors="0" timestamp="2022-02-08T04:24:54 BDT" skipped="0">
  <testcase classname="testCase.WafiLife" name="dropDown" time="22.561"/>
  <system-out/>
</testsuite> <!-- testCase.WafiLife -->
