<?xml version="1.0" encoding="UTF-8"?>
<!-- Generated by org.testng.reporters.JUnitReportReporter -->
<testsuite hostname="Zahangir-Alam" failures="0" tests="1" name="testCase.Trello_Web_Test" time="37.478" errors="0" timestamp="2022-02-08T04:23:10 BDT" skipped="0">
  <testcase classname="testCase.Trello_Web_Test" name="signUpVerify" time="37.478"/>
  <system-out/>
</testsuite> <!-- testCase.Trello_Web_Test -->
