<?xml version="1.0" encoding="UTF-8"?>
<!-- Generated by org.testng.reporters.JUnitReportReporter -->
<testsuite hostname="Zahangir-Alam" failures="0" tests="2" name="testCase.View_Templates_Test_TC002" time="53.344" errors="0" timestamp="2022-02-08T04:24:19 BDT" skipped="0">
  <testcase classname="testCase.View_Templates_Test_TC002" name="signUpVerify" time="39.594"/>
  <system-out/>
  <testcase classname="testCase.View_Templates_Test_TC002" name="view_Templates_Verify" time="13.750"/>
  <system-out/>
</testsuite> <!-- testCase.View_Templates_Test_TC002 -->
